; Top Design: "Projek Mikroelektronika_lib:LNA Common source:schematic"
; Netlisted using Hierarchy Policy: "Standard"

Options ResourceUsage=yes UseNutmegFormat=no EnableOptim=no TopDesignName="Projek Mikroelektronika_lib:LNA Common source:schematic" DcopOutputNodeVoltages=yes DcopOutputPinCurrents=yes DcopOutputAllSweepPoints=no DcopOutputDcopType=4
aele StabFact1=stab_fact(S);
L:L2  N__1 N__9 L=1.94855 nH tune{ 0.5 nH to 2 nH by 0.1 nH } opt{ unconst } Noise=yes  
OptimGoal:OptimGoal1 Expr="dB(S11)" SimInstanceName="SP1" Weight=1 \
IndepVar[1]="freq" \
SpecLimitLine[1]="OptimGoal1_limit1" 
SpecLimitLine:"OptimGoal1_limit1" Type="LessThan" Max=-10 Weight=1 \
IndepVar[1]="freq" IndepMin[1]=5e+09 IndepMax[1]=5.2e+09 
Port:Term1  N__3 0 Num=1 Z=50 Ohm notune{ 25 Ohm to 75 Ohm by 5 Ohm } Noise=yes 
Port:Term2  N__11 0 Num=2 Z=50 Ohm notune{ 25 Ohm to 75 Ohm by 5 Ohm } Noise=yes 
OptimGoal:OptimGoal2 Expr="dB(S21)" SimInstanceName="SP1" Weight=1 \
IndepVar[1]="freq" \
SpecLimitLine[1]="OptimGoal2_limit1" 
SpecLimitLine:"OptimGoal2_limit1" Type="GreaterThan" Min=10 Weight=1 \
IndepVar[1]="freq" IndepMin[1]=5e+09 IndepMax[1]=5.2e+09 
OptimGoal:OptimGoal3 Expr="dB(S22)" SimInstanceName="SP1" Weight=1 \
IndepVar[1]="freq" \
SpecLimitLine[1]="OptimGoal3_limit1" 
SpecLimitLine:"OptimGoal3_limit1" Type="LessThan" Max=-10 Weight=1 \
IndepVar[1]="freq" IndepMin[1]=5e+09 IndepMax[1]=5.2e+09 

Optim:"Optim1" OptimType="DFP" ErrorForm="L2" MaxIters=100 P=2 DesiredError=0.0 StatusLevel=4 FinalAnalysis="None" NormalizeGoals=yes SetBestValues=yes SaveSolns=yes SaveGoals=yes SaveOptimVars=no UpdateDataset=yes SaveNominal=no SaveAllIterations=no UseAllOptVars=yes UseAllGoals=yes SaveCurrentEF=no InitialTempControlMode=0 SANumTrialsPerIter=10 NumShootsPerIter=20 SATempControlAlpha=0.8 EnableCockpit=yes NormalizeError=yes SaveAllTrials=no UseAdvTermCriteria=no CostRelativeTol=1.0e-8 LimitOfContSmallImprovement=5 

S_Param:SP1 CalcS=yes CalcY=no CalcZ=no GroupDelayAperture=1e-4 FreqConversion=no FreqConversionPort=1 StatusLevel=2 CalcNoise=yes SortNoise=0 BandwidthForNoise=0.2 GHz DevOpPtLevel=0 NoiseInputPort=1 NoiseOutputPort=2 \
SweepVar="freq" SweepPlan="SP1_stim" OutputPlan="SP1_Output" 

SweepPlan: SP1_stim Start=3 GHz Stop=6 GHz Step=0.01 GHz 

OutputPlan:SP1_Output \
      Type="Output" \
      UseEquationNestLevel=yes \
      EquationNestLevel=2 \
      UseSavedEquationNestLevel=yes \
      SavedEquationNestLevel=2

#load "python","LinearCollapse"
Component Module="LinearCollapse" Type="ModelExtractor" NetworkRepresentation=2
aele Mu1=mu(S);
OptimGoal:OptimGoal4 Expr="nf(2)" SimInstanceName="SP1" Weight=1 \
IndepVar[1]="freq" \
SpecLimitLine[1]="OptimGoal4_limit1" 
SpecLimitLine:"OptimGoal4_limit1" Type="LessThan" Max=3 Weight=1 \
IndepVar[1]="freq" IndepMin[1]=5e+09 IndepMax[1]=5.2e+09 

Options:Options1 Temp=16.85 Tnom=16.85 TopologyCheck=yes ForceS_Params=yes GiveAllWarnings=yes  \
MaxWarnings=10 ForceM_Params=yes InitialGuessAnnotation=0 TopologyCheckMessages=no doDeltaAC=no  \
ReduceSPortRatio=0.5 WarnSOA=yes MaxWarnSOA=5 Census=no MinNodalR=1e-2 Ohm  \
LargeCapThreshold=1e-3 F EnableAssertChecks=no EnableSpareRemoval=no 

L:L4  N__17 N__18 L=1.00512 nH tune{ 307 fH to 920 fH by 61.4 fH } opt{ unconst } Noise=yes  
aele L_StabCircle1=l_stab_circle(S,51);
aele S_StabCircle1=s_stab_circle(S,51);
aele S_StabRegion1=s_stab_region(S);
#uselib "RfTransistorLibrary" , "pf_hp_ATF13136_19931014"
pf_hp_ATF13136_19931014:A1  N__17 N__9 N__14 N__12 
C:C3  N__11 N__18 C=5 pF tune{ 0.51553 pF to 5 pF by 0.103106 pF } 
R:R2  N__9 N__9 R=1.33552 Ohm tune{ 469 mOhm to 1.41e+03 mOhm by 93.7 mOhm } opt{ unconst } Noise=yes 
C:C4  N__1 N__3 C=5 pF 
V_Source:SRC4  N__8 0 Type="V_DC" Vdc=1.39439 V tune{ 0.5 V to 1.5 V by 0.1 V } opt{ unconst } SaveCurrent=1 
L:L6  N__8 N__17 L=4 nH tune{ 0.1 nH to 2 nH by 0.1 nH } Noise=yes  
C:C2  N__7 0 C=0.1 pF tune{ 0.1 pF to 5 pF by 0.0985464 pF } 
R:R6  N__9 N__7 R=1 Ohm tune{ 1 Ohm to 10000 Ohm by 39.8197 Ohm } Noise=yes 
V_Source:SRC3  N__16 0 Type="V_DC" Vdc=0.499313 V tune{ 0.5 V to 1.5 V by 0.1 V } opt{ unconst } SaveCurrent=1 
R:R7  N__17 N__17 R=1.3 Ohm tune{ 1 Ohm to 10000 Ohm by 0.112966 Ohm } Noise=yes 
L:L5  N__9 N__16 L=2 nH tune{ 0.1 nH to 2 nH by 0.1 nH } Noise=yes  
L:L7  N__14 0 L=0.01 nH Noise=yes  
L:L8  N__12 0 L=0.01 nH Noise=yes  
